********************************************************************************
*                      Tuesday, July 18, 2017 10:40:58 PM                      *
********************************************************************************
CSharpCompilerWrapper.exe version: 2.1.0.47
Platform: Mac
Target assembly: Assembly-CSharp.dll
Project directory: /Users/makiah/Desktop/BOTW/Unity BFRES Importer/Unity BFRES Importer
Target profile directory: /Applications/Unity/Unity.app/Contents/MonoBleedingEdge/lib/mono/4.5-api
Unity Mono directory: /Applications/Unity/Unity.app/Contents/MonoBleedingEdge
Compiler: Microsoft C# 7.0

- Compilation -----------------------------------------------

Process: /Library/Frameworks/Mono.framework/Commands/mono
Arguments: "/Users/makiah/Desktop/BOTW/Unity BFRES Importer/Unity BFRES Importer/CSharp70Support/Roslyn/csc.exe" -nostdlib+ -noconfig -nologo -r:"/Applications/Unity/Unity.app/Contents/MonoBleedingEdge/lib/mono/4.5-api/mscorlib.dll" -r:"/Applications/Unity/Unity.app/Contents/MonoBleedingEdge/lib/mono/4.5-api/System.dll" -r:"/Applications/Unity/Unity.app/Contents/MonoBleedingEdge/lib/mono/4.5-api/System.Core.dll" -r:"/Applications/Unity/Unity.app/Contents/MonoBleedingEdge/lib/mono/4.5-api/Facades/System.Runtime.dll" -r:"/Applications/Unity/Unity.app/Contents/MonoBleedingEdge/lib/mono/4.5-api/Microsoft.CSharp.dll" -r:"/Applications/Unity/Unity.app/Contents/MonoBleedingEdge/lib/mono/4.5-api/System.Xml.dll" @Temp/UnityTempFile-15455fd282683475db50f2860ecbb4ff -debug:portable
Exit code: 0
Elapsed time: 4.83 sec

- Compiler output (0 lines):

- Compiler errors (2 lines):
0: Assets/Scripts/Libraries/BinaryData/src/Syroot.BinaryData.Test/Program.cs(29,20): warning CS0649: Field 'TestObjectBase.w' is never assigned to, and will always have its default value 0
1: Assets/Scripts/BFRESLoader.cs(13,34): warning CS0649: Field 'BFRESLoader.sbfresToLoad' is never assigned to, and will always have its default value null

PDB to MDB conversion skipped since pdb2mdb doesn't support portable PDBs yet.
Debugging and line numbers in stack traces won't be available.
File "Temp/Assembly-CSharp.pdb" deleted
********************************************************************************
*                      Tuesday, July 18, 2017 10:41:11 PM                      *
********************************************************************************
CSharpCompilerWrapper.exe version: 2.1.0.47
Platform: Mac
Target assembly: Assembly-CSharp.dll
Project directory: /Users/makiah/Desktop/BOTW/Unity BFRES Importer/Unity BFRES Importer
Target profile directory: /Applications/Unity/Unity.app/Contents/MonoBleedingEdge/lib/mono/4.5-api
Unity Mono directory: /Applications/Unity/Unity.app/Contents/MonoBleedingEdge
Compiler: Microsoft C# 7.0

- Compilation -----------------------------------------------

Process: /Library/Frameworks/Mono.framework/Commands/mono
Arguments: "/Users/makiah/Desktop/BOTW/Unity BFRES Importer/Unity BFRES Importer/CSharp70Support/Roslyn/csc.exe" -nostdlib+ -noconfig -nologo -r:"/Applications/Unity/Unity.app/Contents/MonoBleedingEdge/lib/mono/4.5-api/mscorlib.dll" -r:"/Applications/Unity/Unity.app/Contents/MonoBleedingEdge/lib/mono/4.5-api/System.dll" -r:"/Applications/Unity/Unity.app/Contents/MonoBleedingEdge/lib/mono/4.5-api/System.Core.dll" -r:"/Applications/Unity/Unity.app/Contents/MonoBleedingEdge/lib/mono/4.5-api/Facades/System.Runtime.dll" -r:"/Applications/Unity/Unity.app/Contents/MonoBleedingEdge/lib/mono/4.5-api/Microsoft.CSharp.dll" -r:"/Applications/Unity/Unity.app/Contents/MonoBleedingEdge/lib/mono/4.5-api/System.Xml.dll" @Temp/UnityTempFile-fca8ca2b437ba4245983af0e32e2ef58 -debug:portable
Exit code: 0
Elapsed time: 4.29 sec

- Compiler output (0 lines):

- Compiler errors (2 lines):
0: Assets/Scripts/BFRESLoader.cs(13,34): warning CS0649: Field 'BFRESLoader.sbfresToLoad' is never assigned to, and will always have its default value null
1: Assets/Scripts/Libraries/BinaryData/src/Syroot.BinaryData.Test/Program.cs(29,20): warning CS0649: Field 'TestObjectBase.w' is never assigned to, and will always have its default value 0

PDB to MDB conversion skipped since pdb2mdb doesn't support portable PDBs yet.
Debugging and line numbers in stack traces won't be available.
File "Temp/Assembly-CSharp.pdb" deleted
