********************************************************************************
*                      Sunday, August 13, 2017 9:12:58 PM                      *
********************************************************************************
CSharpCompilerWrapper.exe version: 2.1.0.47
Platform: Mac
Target assembly: Assembly-CSharp.dll
Project directory: /Users/makiah/Desktop/BOTW/BFRES-Animation-Extractor/Animation Extractor
Target profile directory: /Applications/Unity/Unity.app/Contents/MonoBleedingEdge/lib/mono/4.5-api
Unity Mono directory: /Applications/Unity/Unity.app/Contents/MonoBleedingEdge
Compiler: Microsoft C# 7.0

- Compilation -----------------------------------------------

Process: /Library/Frameworks/Mono.framework/Commands/mono
Arguments: "/Users/makiah/Desktop/BOTW/BFRES-Animation-Extractor/Animation Extractor/CSharp70Support/Roslyn/csc.exe" -nostdlib+ -noconfig -nologo -r:"/Applications/Unity/Unity.app/Contents/MonoBleedingEdge/lib/mono/4.5-api/mscorlib.dll" -r:"/Applications/Unity/Unity.app/Contents/MonoBleedingEdge/lib/mono/4.5-api/System.dll" -r:"/Applications/Unity/Unity.app/Contents/MonoBleedingEdge/lib/mono/4.5-api/System.Core.dll" -r:"/Applications/Unity/Unity.app/Contents/MonoBleedingEdge/lib/mono/4.5-api/Facades/System.Runtime.dll" -r:"/Applications/Unity/Unity.app/Contents/MonoBleedingEdge/lib/mono/4.5-api/Microsoft.CSharp.dll" -r:"/Applications/Unity/Unity.app/Contents/MonoBleedingEdge/lib/mono/4.5-api/System.Xml.dll" @Temp/UnityTempFile-dd77b4fd2abce4794a88aee98cf10958 -debug:portable
Exit code: 0
Elapsed time: 4.32 sec

- Compiler output (0 lines):

- Compiler errors (3 lines):
0: Assets/Scripts/Libraries/BinaryData/src/Syroot.BinaryData.Test/Program.cs(29,20): warning CS0649: Field 'TestObjectBase.w' is never assigned to, and will always have its default value 0
1: Assets/Scripts/BFRESLoader.cs(18,34): warning CS0649: Field 'BFRESLoader.sbfresModel' is never assigned to, and will always have its default value null
2: Assets/Scripts/BFRESLoader.cs(18,47): warning CS0649: Field 'BFRESLoader.sbfresAnimation' is never assigned to, and will always have its default value null

PDB to MDB conversion skipped since pdb2mdb doesn't support portable PDBs yet.
Debugging and line numbers in stack traces won't be available.
File "Temp/Assembly-CSharp.pdb" deleted
********************************************************************************
*                      Sunday, August 13, 2017 9:13:15 PM                      *
********************************************************************************
CSharpCompilerWrapper.exe version: 2.1.0.47
Platform: Mac
Target assembly: Assembly-CSharp.dll
Project directory: /Users/makiah/Desktop/BOTW/BFRES-Animation-Extractor/Animation Extractor
Target profile directory: /Applications/Unity/Unity.app/Contents/MonoBleedingEdge/lib/mono/4.5-api
Unity Mono directory: /Applications/Unity/Unity.app/Contents/MonoBleedingEdge
Compiler: Microsoft C# 7.0

- Compilation -----------------------------------------------

Process: /Library/Frameworks/Mono.framework/Commands/mono
Arguments: "/Users/makiah/Desktop/BOTW/BFRES-Animation-Extractor/Animation Extractor/CSharp70Support/Roslyn/csc.exe" -nostdlib+ -noconfig -nologo -r:"/Applications/Unity/Unity.app/Contents/MonoBleedingEdge/lib/mono/4.5-api/mscorlib.dll" -r:"/Applications/Unity/Unity.app/Contents/MonoBleedingEdge/lib/mono/4.5-api/System.dll" -r:"/Applications/Unity/Unity.app/Contents/MonoBleedingEdge/lib/mono/4.5-api/System.Core.dll" -r:"/Applications/Unity/Unity.app/Contents/MonoBleedingEdge/lib/mono/4.5-api/Facades/System.Runtime.dll" -r:"/Applications/Unity/Unity.app/Contents/MonoBleedingEdge/lib/mono/4.5-api/Microsoft.CSharp.dll" -r:"/Applications/Unity/Unity.app/Contents/MonoBleedingEdge/lib/mono/4.5-api/System.Xml.dll" @Temp/UnityTempFile-f577102e3e9b9420e8383c05c0e103b7 -debug:portable
Exit code: 0
Elapsed time: 3.77 sec

- Compiler output (0 lines):

- Compiler errors (3 lines):
0: Assets/Scripts/BFRESLoader.cs(18,34): warning CS0649: Field 'BFRESLoader.sbfresModel' is never assigned to, and will always have its default value null
1: Assets/Scripts/BFRESLoader.cs(18,47): warning CS0649: Field 'BFRESLoader.sbfresAnimation' is never assigned to, and will always have its default value null
2: Assets/Scripts/Libraries/BinaryData/src/Syroot.BinaryData.Test/Program.cs(29,20): warning CS0649: Field 'TestObjectBase.w' is never assigned to, and will always have its default value 0

PDB to MDB conversion skipped since pdb2mdb doesn't support portable PDBs yet.
Debugging and line numbers in stack traces won't be available.
File "Temp/Assembly-CSharp.pdb" deleted
********************************************************************************
*                      Sunday, August 13, 2017 9:16:32 PM                      *
********************************************************************************
CSharpCompilerWrapper.exe version: 2.1.0.47
Platform: Mac
Target assembly: Assembly-CSharp.dll
Project directory: /Users/makiah/Desktop/BOTW/BFRES-Animation-Extractor/Animation Extractor
Target profile directory: /Applications/Unity/Unity.app/Contents/MonoBleedingEdge/lib/mono/4.5-api
Unity Mono directory: /Applications/Unity/Unity.app/Contents/MonoBleedingEdge
Compiler: Microsoft C# 7.0

- Compilation -----------------------------------------------

Process: /Library/Frameworks/Mono.framework/Commands/mono
Arguments: "/Users/makiah/Desktop/BOTW/BFRES-Animation-Extractor/Animation Extractor/CSharp70Support/Roslyn/csc.exe" -nostdlib+ -noconfig -nologo -r:"/Applications/Unity/Unity.app/Contents/MonoBleedingEdge/lib/mono/4.5-api/mscorlib.dll" -r:"/Applications/Unity/Unity.app/Contents/MonoBleedingEdge/lib/mono/4.5-api/System.dll" -r:"/Applications/Unity/Unity.app/Contents/MonoBleedingEdge/lib/mono/4.5-api/System.Core.dll" -r:"/Applications/Unity/Unity.app/Contents/MonoBleedingEdge/lib/mono/4.5-api/Facades/System.Runtime.dll" -r:"/Applications/Unity/Unity.app/Contents/MonoBleedingEdge/lib/mono/4.5-api/Microsoft.CSharp.dll" -r:"/Applications/Unity/Unity.app/Contents/MonoBleedingEdge/lib/mono/4.5-api/System.Xml.dll" @Temp/UnityTempFile-36db884fedb744c69a3cd10e98627f0b -debug:portable
Exit code: 0
Elapsed time: 4.33 sec

- Compiler output (0 lines):

- Compiler errors (3 lines):
0: Assets/Scripts/BFRESLoader.cs(18,34): warning CS0649: Field 'BFRESLoader.sbfresModel' is never assigned to, and will always have its default value null
1: Assets/Scripts/BFRESLoader.cs(18,47): warning CS0649: Field 'BFRESLoader.sbfresAnimation' is never assigned to, and will always have its default value null
2: Assets/Scripts/Libraries/BinaryData/src/Syroot.BinaryData.Test/Program.cs(29,20): warning CS0649: Field 'TestObjectBase.w' is never assigned to, and will always have its default value 0

PDB to MDB conversion skipped since pdb2mdb doesn't support portable PDBs yet.
Debugging and line numbers in stack traces won't be available.
File "Temp/Assembly-CSharp.pdb" deleted
********************************************************************************
*                      Sunday, August 13, 2017 9:20:01 PM                      *
********************************************************************************
CSharpCompilerWrapper.exe version: 2.1.0.47
Platform: Mac
Target assembly: Assembly-CSharp.dll
Project directory: /Users/makiah/Desktop/BOTW/BFRES-Animation-Extractor/Animation Extractor
Target profile directory: /Applications/Unity/Unity.app/Contents/MonoBleedingEdge/lib/mono/4.5-api
Unity Mono directory: /Applications/Unity/Unity.app/Contents/MonoBleedingEdge
Compiler: Microsoft C# 7.0

- Compilation -----------------------------------------------

Process: /Library/Frameworks/Mono.framework/Commands/mono
Arguments: "/Users/makiah/Desktop/BOTW/BFRES-Animation-Extractor/Animation Extractor/CSharp70Support/Roslyn/csc.exe" -nostdlib+ -noconfig -nologo -r:"/Applications/Unity/Unity.app/Contents/MonoBleedingEdge/lib/mono/4.5-api/mscorlib.dll" -r:"/Applications/Unity/Unity.app/Contents/MonoBleedingEdge/lib/mono/4.5-api/System.dll" -r:"/Applications/Unity/Unity.app/Contents/MonoBleedingEdge/lib/mono/4.5-api/System.Core.dll" -r:"/Applications/Unity/Unity.app/Contents/MonoBleedingEdge/lib/mono/4.5-api/Facades/System.Runtime.dll" -r:"/Applications/Unity/Unity.app/Contents/MonoBleedingEdge/lib/mono/4.5-api/Microsoft.CSharp.dll" -r:"/Applications/Unity/Unity.app/Contents/MonoBleedingEdge/lib/mono/4.5-api/System.Xml.dll" @Temp/UnityTempFile-b4bd6b07999ee435bb692bf96d589aa3 -debug:portable
Exit code: 0
Elapsed time: 4.29 sec

- Compiler output (0 lines):

- Compiler errors (3 lines):
0: Assets/Scripts/Libraries/BinaryData/src/Syroot.BinaryData.Test/Program.cs(29,20): warning CS0649: Field 'TestObjectBase.w' is never assigned to, and will always have its default value 0
1: Assets/Scripts/BFRESLoader.cs(18,34): warning CS0649: Field 'BFRESLoader.sbfresModel' is never assigned to, and will always have its default value null
2: Assets/Scripts/BFRESLoader.cs(18,47): warning CS0649: Field 'BFRESLoader.sbfresAnimation' is never assigned to, and will always have its default value null

PDB to MDB conversion skipped since pdb2mdb doesn't support portable PDBs yet.
Debugging and line numbers in stack traces won't be available.
File "Temp/Assembly-CSharp.pdb" deleted
********************************************************************************
*                      Sunday, August 13, 2017 9:24:06 PM                      *
********************************************************************************
CSharpCompilerWrapper.exe version: 2.1.0.47
Platform: Mac
Target assembly: Assembly-CSharp.dll
Project directory: /Users/makiah/Desktop/BOTW/BFRES-Animation-Extractor/Animation Extractor
Target profile directory: /Applications/Unity/Unity.app/Contents/MonoBleedingEdge/lib/mono/4.5-api
Unity Mono directory: /Applications/Unity/Unity.app/Contents/MonoBleedingEdge
Compiler: Microsoft C# 7.0

- Compilation -----------------------------------------------

Process: /Library/Frameworks/Mono.framework/Commands/mono
Arguments: "/Users/makiah/Desktop/BOTW/BFRES-Animation-Extractor/Animation Extractor/CSharp70Support/Roslyn/csc.exe" -nostdlib+ -noconfig -nologo -r:"/Applications/Unity/Unity.app/Contents/MonoBleedingEdge/lib/mono/4.5-api/mscorlib.dll" -r:"/Applications/Unity/Unity.app/Contents/MonoBleedingEdge/lib/mono/4.5-api/System.dll" -r:"/Applications/Unity/Unity.app/Contents/MonoBleedingEdge/lib/mono/4.5-api/System.Core.dll" -r:"/Applications/Unity/Unity.app/Contents/MonoBleedingEdge/lib/mono/4.5-api/Facades/System.Runtime.dll" -r:"/Applications/Unity/Unity.app/Contents/MonoBleedingEdge/lib/mono/4.5-api/Microsoft.CSharp.dll" -r:"/Applications/Unity/Unity.app/Contents/MonoBleedingEdge/lib/mono/4.5-api/System.Xml.dll" @Temp/UnityTempFile-7e33004ca533c444fa880049dbdd981d -debug:portable
Exit code: 0
Elapsed time: 3.77 sec

- Compiler output (0 lines):

- Compiler errors (3 lines):
0: Assets/Scripts/Libraries/BinaryData/src/Syroot.BinaryData.Test/Program.cs(29,20): warning CS0649: Field 'TestObjectBase.w' is never assigned to, and will always have its default value 0
1: Assets/Scripts/BFRESLoader.cs(18,47): warning CS0649: Field 'BFRESLoader.sbfresAnimation' is never assigned to, and will always have its default value null
2: Assets/Scripts/BFRESLoader.cs(18,34): warning CS0649: Field 'BFRESLoader.sbfresModel' is never assigned to, and will always have its default value null

PDB to MDB conversion skipped since pdb2mdb doesn't support portable PDBs yet.
Debugging and line numbers in stack traces won't be available.
File "Temp/Assembly-CSharp.pdb" deleted
********************************************************************************
*                      Sunday, August 13, 2017 9:28:06 PM                      *
********************************************************************************
CSharpCompilerWrapper.exe version: 2.1.0.47
Platform: Mac
Target assembly: Assembly-CSharp.dll
Project directory: /Users/makiah/Desktop/BOTW/BFRES-Animation-Extractor/Animation Extractor
Target profile directory: /Applications/Unity/Unity.app/Contents/MonoBleedingEdge/lib/mono/4.5-api
Unity Mono directory: /Applications/Unity/Unity.app/Contents/MonoBleedingEdge
Compiler: Microsoft C# 7.0

- Compilation -----------------------------------------------

Process: /Library/Frameworks/Mono.framework/Commands/mono
Arguments: "/Users/makiah/Desktop/BOTW/BFRES-Animation-Extractor/Animation Extractor/CSharp70Support/Roslyn/csc.exe" -nostdlib+ -noconfig -nologo -r:"/Applications/Unity/Unity.app/Contents/MonoBleedingEdge/lib/mono/4.5-api/mscorlib.dll" -r:"/Applications/Unity/Unity.app/Contents/MonoBleedingEdge/lib/mono/4.5-api/System.dll" -r:"/Applications/Unity/Unity.app/Contents/MonoBleedingEdge/lib/mono/4.5-api/System.Core.dll" -r:"/Applications/Unity/Unity.app/Contents/MonoBleedingEdge/lib/mono/4.5-api/Facades/System.Runtime.dll" -r:"/Applications/Unity/Unity.app/Contents/MonoBleedingEdge/lib/mono/4.5-api/Microsoft.CSharp.dll" -r:"/Applications/Unity/Unity.app/Contents/MonoBleedingEdge/lib/mono/4.5-api/System.Xml.dll" @Temp/UnityTempFile-e919e8a2e10534a6ca7007e10d87da6e -debug:portable
Exit code: 0
Elapsed time: 4.30 sec

- Compiler output (0 lines):

- Compiler errors (3 lines):
0: Assets/Scripts/BFRESLoader.cs(18,34): warning CS0649: Field 'BFRESLoader.sbfresModel' is never assigned to, and will always have its default value null
1: Assets/Scripts/BFRESLoader.cs(18,47): warning CS0649: Field 'BFRESLoader.sbfresAnimation' is never assigned to, and will always have its default value null
2: Assets/Scripts/Libraries/BinaryData/src/Syroot.BinaryData.Test/Program.cs(29,20): warning CS0649: Field 'TestObjectBase.w' is never assigned to, and will always have its default value 0

PDB to MDB conversion skipped since pdb2mdb doesn't support portable PDBs yet.
Debugging and line numbers in stack traces won't be available.
File "Temp/Assembly-CSharp.pdb" deleted
********************************************************************************
*                      Sunday, August 13, 2017 9:29:50 PM                      *
********************************************************************************
CSharpCompilerWrapper.exe version: 2.1.0.47
Platform: Mac
Target assembly: Assembly-CSharp.dll
Project directory: /Users/makiah/Desktop/BOTW/BFRES-Animation-Extractor/Animation Extractor
Target profile directory: /Applications/Unity/Unity.app/Contents/MonoBleedingEdge/lib/mono/4.5-api
Unity Mono directory: /Applications/Unity/Unity.app/Contents/MonoBleedingEdge
Compiler: Microsoft C# 7.0

- Compilation -----------------------------------------------

Process: /Library/Frameworks/Mono.framework/Commands/mono
Arguments: "/Users/makiah/Desktop/BOTW/BFRES-Animation-Extractor/Animation Extractor/CSharp70Support/Roslyn/csc.exe" -nostdlib+ -noconfig -nologo -r:"/Applications/Unity/Unity.app/Contents/MonoBleedingEdge/lib/mono/4.5-api/mscorlib.dll" -r:"/Applications/Unity/Unity.app/Contents/MonoBleedingEdge/lib/mono/4.5-api/System.dll" -r:"/Applications/Unity/Unity.app/Contents/MonoBleedingEdge/lib/mono/4.5-api/System.Core.dll" -r:"/Applications/Unity/Unity.app/Contents/MonoBleedingEdge/lib/mono/4.5-api/Facades/System.Runtime.dll" -r:"/Applications/Unity/Unity.app/Contents/MonoBleedingEdge/lib/mono/4.5-api/Microsoft.CSharp.dll" -r:"/Applications/Unity/Unity.app/Contents/MonoBleedingEdge/lib/mono/4.5-api/System.Xml.dll" @Temp/UnityTempFile-045e6285f438049089ec89d9487b7c5d -debug:portable
Exit code: 0
Elapsed time: 4.80 sec

- Compiler output (0 lines):

- Compiler errors (3 lines):
0: Assets/Scripts/BFRESLoader.cs(18,34): warning CS0649: Field 'BFRESLoader.sbfresModel' is never assigned to, and will always have its default value null
1: Assets/Scripts/BFRESLoader.cs(18,47): warning CS0649: Field 'BFRESLoader.sbfresAnimation' is never assigned to, and will always have its default value null
2: Assets/Scripts/Libraries/BinaryData/src/Syroot.BinaryData.Test/Program.cs(29,20): warning CS0649: Field 'TestObjectBase.w' is never assigned to, and will always have its default value 0

PDB to MDB conversion skipped since pdb2mdb doesn't support portable PDBs yet.
Debugging and line numbers in stack traces won't be available.
File "Temp/Assembly-CSharp.pdb" deleted
********************************************************************************
*                      Sunday, August 13, 2017 9:30:41 PM                      *
********************************************************************************
CSharpCompilerWrapper.exe version: 2.1.0.47
Platform: Mac
Target assembly: Assembly-CSharp.dll
Project directory: /Users/makiah/Desktop/BOTW/BFRES-Animation-Extractor/Animation Extractor
Target profile directory: /Applications/Unity/Unity.app/Contents/MonoBleedingEdge/lib/mono/4.5-api
Unity Mono directory: /Applications/Unity/Unity.app/Contents/MonoBleedingEdge
Compiler: Microsoft C# 7.0

- Compilation -----------------------------------------------

Process: /Library/Frameworks/Mono.framework/Commands/mono
Arguments: "/Users/makiah/Desktop/BOTW/BFRES-Animation-Extractor/Animation Extractor/CSharp70Support/Roslyn/csc.exe" -nostdlib+ -noconfig -nologo -r:"/Applications/Unity/Unity.app/Contents/MonoBleedingEdge/lib/mono/4.5-api/mscorlib.dll" -r:"/Applications/Unity/Unity.app/Contents/MonoBleedingEdge/lib/mono/4.5-api/System.dll" -r:"/Applications/Unity/Unity.app/Contents/MonoBleedingEdge/lib/mono/4.5-api/System.Core.dll" -r:"/Applications/Unity/Unity.app/Contents/MonoBleedingEdge/lib/mono/4.5-api/Facades/System.Runtime.dll" -r:"/Applications/Unity/Unity.app/Contents/MonoBleedingEdge/lib/mono/4.5-api/Microsoft.CSharp.dll" -r:"/Applications/Unity/Unity.app/Contents/MonoBleedingEdge/lib/mono/4.5-api/System.Xml.dll" @Temp/UnityTempFile-f9ee9d86ca33c4e67afc05be374d738f -debug:portable
Exit code: 0
Elapsed time: 4.31 sec

- Compiler output (0 lines):

- Compiler errors (3 lines):
0: Assets/Scripts/BFRESLoader.cs(18,47): warning CS0649: Field 'BFRESLoader.sbfresAnimation' is never assigned to, and will always have its default value null
1: Assets/Scripts/Libraries/BinaryData/src/Syroot.BinaryData.Test/Program.cs(29,20): warning CS0649: Field 'TestObjectBase.w' is never assigned to, and will always have its default value 0
2: Assets/Scripts/BFRESLoader.cs(18,34): warning CS0649: Field 'BFRESLoader.sbfresModel' is never assigned to, and will always have its default value null

PDB to MDB conversion skipped since pdb2mdb doesn't support portable PDBs yet.
Debugging and line numbers in stack traces won't be available.
File "Temp/Assembly-CSharp.pdb" deleted
********************************************************************************
*                      Sunday, August 13, 2017 9:31:05 PM                      *
********************************************************************************
CSharpCompilerWrapper.exe version: 2.1.0.47
Platform: Mac
Target assembly: Assembly-CSharp.dll
Project directory: /Users/makiah/Desktop/BOTW/BFRES-Animation-Extractor/Animation Extractor
Target profile directory: /Applications/Unity/Unity.app/Contents/MonoBleedingEdge/lib/mono/4.5-api
Unity Mono directory: /Applications/Unity/Unity.app/Contents/MonoBleedingEdge
Compiler: Microsoft C# 7.0

- Compilation -----------------------------------------------

Process: /Library/Frameworks/Mono.framework/Commands/mono
Arguments: "/Users/makiah/Desktop/BOTW/BFRES-Animation-Extractor/Animation Extractor/CSharp70Support/Roslyn/csc.exe" -nostdlib+ -noconfig -nologo -r:"/Applications/Unity/Unity.app/Contents/MonoBleedingEdge/lib/mono/4.5-api/mscorlib.dll" -r:"/Applications/Unity/Unity.app/Contents/MonoBleedingEdge/lib/mono/4.5-api/System.dll" -r:"/Applications/Unity/Unity.app/Contents/MonoBleedingEdge/lib/mono/4.5-api/System.Core.dll" -r:"/Applications/Unity/Unity.app/Contents/MonoBleedingEdge/lib/mono/4.5-api/Facades/System.Runtime.dll" -r:"/Applications/Unity/Unity.app/Contents/MonoBleedingEdge/lib/mono/4.5-api/Microsoft.CSharp.dll" -r:"/Applications/Unity/Unity.app/Contents/MonoBleedingEdge/lib/mono/4.5-api/System.Xml.dll" @Temp/UnityTempFile-d18a502bf8bc54b559260bb6d8927c07 -debug:portable
Exit code: 0
Elapsed time: 4.28 sec

- Compiler output (0 lines):

- Compiler errors (3 lines):
0: Assets/Scripts/Libraries/BinaryData/src/Syroot.BinaryData.Test/Program.cs(29,20): warning CS0649: Field 'TestObjectBase.w' is never assigned to, and will always have its default value 0
1: Assets/Scripts/BFRESLoader.cs(18,34): warning CS0649: Field 'BFRESLoader.sbfresModel' is never assigned to, and will always have its default value null
2: Assets/Scripts/BFRESLoader.cs(18,47): warning CS0649: Field 'BFRESLoader.sbfresAnimation' is never assigned to, and will always have its default value null

PDB to MDB conversion skipped since pdb2mdb doesn't support portable PDBs yet.
Debugging and line numbers in stack traces won't be available.
File "Temp/Assembly-CSharp.pdb" deleted
********************************************************************************
*                      Sunday, August 13, 2017 9:31:19 PM                      *
********************************************************************************
CSharpCompilerWrapper.exe version: 2.1.0.47
Platform: Mac
Target assembly: Assembly-CSharp.dll
Project directory: /Users/makiah/Desktop/BOTW/BFRES-Animation-Extractor/Animation Extractor
Target profile directory: /Applications/Unity/Unity.app/Contents/MonoBleedingEdge/lib/mono/4.5-api
Unity Mono directory: /Applications/Unity/Unity.app/Contents/MonoBleedingEdge
Compiler: Microsoft C# 7.0

- Compilation -----------------------------------------------

Process: /Library/Frameworks/Mono.framework/Commands/mono
Arguments: "/Users/makiah/Desktop/BOTW/BFRES-Animation-Extractor/Animation Extractor/CSharp70Support/Roslyn/csc.exe" -nostdlib+ -noconfig -nologo -r:"/Applications/Unity/Unity.app/Contents/MonoBleedingEdge/lib/mono/4.5-api/mscorlib.dll" -r:"/Applications/Unity/Unity.app/Contents/MonoBleedingEdge/lib/mono/4.5-api/System.dll" -r:"/Applications/Unity/Unity.app/Contents/MonoBleedingEdge/lib/mono/4.5-api/System.Core.dll" -r:"/Applications/Unity/Unity.app/Contents/MonoBleedingEdge/lib/mono/4.5-api/Facades/System.Runtime.dll" -r:"/Applications/Unity/Unity.app/Contents/MonoBleedingEdge/lib/mono/4.5-api/Microsoft.CSharp.dll" -r:"/Applications/Unity/Unity.app/Contents/MonoBleedingEdge/lib/mono/4.5-api/System.Xml.dll" @Temp/UnityTempFile-ace3b60f2dae043549d00939d0c56f99 -debug:portable
Exit code: 0
Elapsed time: 4.28 sec

- Compiler output (0 lines):

- Compiler errors (3 lines):
0: Assets/Scripts/Libraries/BinaryData/src/Syroot.BinaryData.Test/Program.cs(29,20): warning CS0649: Field 'TestObjectBase.w' is never assigned to, and will always have its default value 0
1: Assets/Scripts/BFRESLoader.cs(18,34): warning CS0649: Field 'BFRESLoader.sbfresModel' is never assigned to, and will always have its default value null
2: Assets/Scripts/BFRESLoader.cs(18,47): warning CS0649: Field 'BFRESLoader.sbfresAnimation' is never assigned to, and will always have its default value null

PDB to MDB conversion skipped since pdb2mdb doesn't support portable PDBs yet.
Debugging and line numbers in stack traces won't be available.
File "Temp/Assembly-CSharp.pdb" deleted
********************************************************************************
*                      Sunday, August 13, 2017 9:31:40 PM                      *
********************************************************************************
CSharpCompilerWrapper.exe version: 2.1.0.47
Platform: Mac
Target assembly: Assembly-CSharp.dll
Project directory: /Users/makiah/Desktop/BOTW/BFRES-Animation-Extractor/Animation Extractor
Target profile directory: /Applications/Unity/Unity.app/Contents/MonoBleedingEdge/lib/mono/4.5-api
Unity Mono directory: /Applications/Unity/Unity.app/Contents/MonoBleedingEdge
Compiler: Microsoft C# 7.0

- Compilation -----------------------------------------------

Process: /Library/Frameworks/Mono.framework/Commands/mono
Arguments: "/Users/makiah/Desktop/BOTW/BFRES-Animation-Extractor/Animation Extractor/CSharp70Support/Roslyn/csc.exe" -nostdlib+ -noconfig -nologo -r:"/Applications/Unity/Unity.app/Contents/MonoBleedingEdge/lib/mono/4.5-api/mscorlib.dll" -r:"/Applications/Unity/Unity.app/Contents/MonoBleedingEdge/lib/mono/4.5-api/System.dll" -r:"/Applications/Unity/Unity.app/Contents/MonoBleedingEdge/lib/mono/4.5-api/System.Core.dll" -r:"/Applications/Unity/Unity.app/Contents/MonoBleedingEdge/lib/mono/4.5-api/Facades/System.Runtime.dll" -r:"/Applications/Unity/Unity.app/Contents/MonoBleedingEdge/lib/mono/4.5-api/Microsoft.CSharp.dll" -r:"/Applications/Unity/Unity.app/Contents/MonoBleedingEdge/lib/mono/4.5-api/System.Xml.dll" @Temp/UnityTempFile-bef0dcee7678b47dba72ab4b3d95f2d5 -debug:portable
Exit code: 0
Elapsed time: 4.29 sec

- Compiler output (0 lines):

- Compiler errors (3 lines):
0: Assets/Scripts/BFRESLoader.cs(18,34): warning CS0649: Field 'BFRESLoader.sbfresModel' is never assigned to, and will always have its default value null
1: Assets/Scripts/BFRESLoader.cs(18,47): warning CS0649: Field 'BFRESLoader.sbfresAnimation' is never assigned to, and will always have its default value null
2: Assets/Scripts/Libraries/BinaryData/src/Syroot.BinaryData.Test/Program.cs(29,20): warning CS0649: Field 'TestObjectBase.w' is never assigned to, and will always have its default value 0

PDB to MDB conversion skipped since pdb2mdb doesn't support portable PDBs yet.
Debugging and line numbers in stack traces won't be available.
File "Temp/Assembly-CSharp.pdb" deleted
********************************************************************************
*                      Sunday, August 13, 2017 9:32:00 PM                      *
********************************************************************************
CSharpCompilerWrapper.exe version: 2.1.0.47
Platform: Mac
Target assembly: Assembly-CSharp.dll
Project directory: /Users/makiah/Desktop/BOTW/BFRES-Animation-Extractor/Animation Extractor
Target profile directory: /Applications/Unity/Unity.app/Contents/MonoBleedingEdge/lib/mono/4.5-api
Unity Mono directory: /Applications/Unity/Unity.app/Contents/MonoBleedingEdge
Compiler: Microsoft C# 7.0

- Compilation -----------------------------------------------

Process: /Library/Frameworks/Mono.framework/Commands/mono
Arguments: "/Users/makiah/Desktop/BOTW/BFRES-Animation-Extractor/Animation Extractor/CSharp70Support/Roslyn/csc.exe" -nostdlib+ -noconfig -nologo -r:"/Applications/Unity/Unity.app/Contents/MonoBleedingEdge/lib/mono/4.5-api/mscorlib.dll" -r:"/Applications/Unity/Unity.app/Contents/MonoBleedingEdge/lib/mono/4.5-api/System.dll" -r:"/Applications/Unity/Unity.app/Contents/MonoBleedingEdge/lib/mono/4.5-api/System.Core.dll" -r:"/Applications/Unity/Unity.app/Contents/MonoBleedingEdge/lib/mono/4.5-api/Facades/System.Runtime.dll" -r:"/Applications/Unity/Unity.app/Contents/MonoBleedingEdge/lib/mono/4.5-api/Microsoft.CSharp.dll" -r:"/Applications/Unity/Unity.app/Contents/MonoBleedingEdge/lib/mono/4.5-api/System.Xml.dll" @Temp/UnityTempFile-2fdfbfa070c1f4aef967bec257dba2dd -debug:portable
Exit code: 0
Elapsed time: 4.27 sec

- Compiler output (0 lines):

- Compiler errors (3 lines):
0: Assets/Scripts/BFRESLoader.cs(18,34): warning CS0649: Field 'BFRESLoader.sbfresModel' is never assigned to, and will always have its default value null
1: Assets/Scripts/Libraries/BinaryData/src/Syroot.BinaryData.Test/Program.cs(29,20): warning CS0649: Field 'TestObjectBase.w' is never assigned to, and will always have its default value 0
2: Assets/Scripts/BFRESLoader.cs(18,47): warning CS0649: Field 'BFRESLoader.sbfresAnimation' is never assigned to, and will always have its default value null

PDB to MDB conversion skipped since pdb2mdb doesn't support portable PDBs yet.
Debugging and line numbers in stack traces won't be available.
File "Temp/Assembly-CSharp.pdb" deleted
********************************************************************************
*                      Sunday, August 13, 2017 9:32:23 PM                      *
********************************************************************************
CSharpCompilerWrapper.exe version: 2.1.0.47
Platform: Mac
Target assembly: Assembly-CSharp.dll
Project directory: /Users/makiah/Desktop/BOTW/BFRES-Animation-Extractor/Animation Extractor
Target profile directory: /Applications/Unity/Unity.app/Contents/MonoBleedingEdge/lib/mono/4.5-api
Unity Mono directory: /Applications/Unity/Unity.app/Contents/MonoBleedingEdge
Compiler: Microsoft C# 7.0

- Compilation -----------------------------------------------

Process: /Library/Frameworks/Mono.framework/Commands/mono
Arguments: "/Users/makiah/Desktop/BOTW/BFRES-Animation-Extractor/Animation Extractor/CSharp70Support/Roslyn/csc.exe" -nostdlib+ -noconfig -nologo -r:"/Applications/Unity/Unity.app/Contents/MonoBleedingEdge/lib/mono/4.5-api/mscorlib.dll" -r:"/Applications/Unity/Unity.app/Contents/MonoBleedingEdge/lib/mono/4.5-api/System.dll" -r:"/Applications/Unity/Unity.app/Contents/MonoBleedingEdge/lib/mono/4.5-api/System.Core.dll" -r:"/Applications/Unity/Unity.app/Contents/MonoBleedingEdge/lib/mono/4.5-api/Facades/System.Runtime.dll" -r:"/Applications/Unity/Unity.app/Contents/MonoBleedingEdge/lib/mono/4.5-api/Microsoft.CSharp.dll" -r:"/Applications/Unity/Unity.app/Contents/MonoBleedingEdge/lib/mono/4.5-api/System.Xml.dll" @Temp/UnityTempFile-0ee8141e8743d45308d275165aaf4d72 -debug:portable
Exit code: 0
Elapsed time: 4.28 sec

- Compiler output (0 lines):

- Compiler errors (3 lines):
0: Assets/Scripts/BFRESLoader.cs(18,34): warning CS0649: Field 'BFRESLoader.sbfresModel' is never assigned to, and will always have its default value null
1: Assets/Scripts/Libraries/BinaryData/src/Syroot.BinaryData.Test/Program.cs(29,20): warning CS0649: Field 'TestObjectBase.w' is never assigned to, and will always have its default value 0
2: Assets/Scripts/BFRESLoader.cs(18,47): warning CS0649: Field 'BFRESLoader.sbfresAnimation' is never assigned to, and will always have its default value null

PDB to MDB conversion skipped since pdb2mdb doesn't support portable PDBs yet.
Debugging and line numbers in stack traces won't be available.
File "Temp/Assembly-CSharp.pdb" deleted
********************************************************************************
*                      Sunday, August 13, 2017 9:33:39 PM                      *
********************************************************************************
CSharpCompilerWrapper.exe version: 2.1.0.47
Platform: Mac
Target assembly: Assembly-CSharp.dll
Project directory: /Users/makiah/Desktop/BOTW/BFRES-Animation-Extractor/Animation Extractor
Target profile directory: /Applications/Unity/Unity.app/Contents/MonoBleedingEdge/lib/mono/4.5-api
Unity Mono directory: /Applications/Unity/Unity.app/Contents/MonoBleedingEdge
Compiler: Microsoft C# 7.0

- Compilation -----------------------------------------------

Process: /Library/Frameworks/Mono.framework/Commands/mono
Arguments: "/Users/makiah/Desktop/BOTW/BFRES-Animation-Extractor/Animation Extractor/CSharp70Support/Roslyn/csc.exe" -nostdlib+ -noconfig -nologo -r:"/Applications/Unity/Unity.app/Contents/MonoBleedingEdge/lib/mono/4.5-api/mscorlib.dll" -r:"/Applications/Unity/Unity.app/Contents/MonoBleedingEdge/lib/mono/4.5-api/System.dll" -r:"/Applications/Unity/Unity.app/Contents/MonoBleedingEdge/lib/mono/4.5-api/System.Core.dll" -r:"/Applications/Unity/Unity.app/Contents/MonoBleedingEdge/lib/mono/4.5-api/Facades/System.Runtime.dll" -r:"/Applications/Unity/Unity.app/Contents/MonoBleedingEdge/lib/mono/4.5-api/Microsoft.CSharp.dll" -r:"/Applications/Unity/Unity.app/Contents/MonoBleedingEdge/lib/mono/4.5-api/System.Xml.dll" @Temp/UnityTempFile-bede9130cdca3498cad49e4b9718916a -debug:portable
Exit code: 0
Elapsed time: 4.27 sec

- Compiler output (0 lines):

- Compiler errors (3 lines):
0: Assets/Scripts/BFRESLoader.cs(18,47): warning CS0649: Field 'BFRESLoader.sbfresAnimation' is never assigned to, and will always have its default value null
1: Assets/Scripts/Libraries/BinaryData/src/Syroot.BinaryData.Test/Program.cs(29,20): warning CS0649: Field 'TestObjectBase.w' is never assigned to, and will always have its default value 0
2: Assets/Scripts/BFRESLoader.cs(18,34): warning CS0649: Field 'BFRESLoader.sbfresModel' is never assigned to, and will always have its default value null

PDB to MDB conversion skipped since pdb2mdb doesn't support portable PDBs yet.
Debugging and line numbers in stack traces won't be available.
File "Temp/Assembly-CSharp.pdb" deleted
********************************************************************************
*                      Sunday, August 13, 2017 9:33:57 PM                      *
********************************************************************************
CSharpCompilerWrapper.exe version: 2.1.0.47
Platform: Mac
Target assembly: Assembly-CSharp.dll
Project directory: /Users/makiah/Desktop/BOTW/BFRES-Animation-Extractor/Animation Extractor
Target profile directory: /Applications/Unity/Unity.app/Contents/MonoBleedingEdge/lib/mono/4.5-api
Unity Mono directory: /Applications/Unity/Unity.app/Contents/MonoBleedingEdge
Compiler: Microsoft C# 7.0

- Compilation -----------------------------------------------

Process: /Library/Frameworks/Mono.framework/Commands/mono
Arguments: "/Users/makiah/Desktop/BOTW/BFRES-Animation-Extractor/Animation Extractor/CSharp70Support/Roslyn/csc.exe" -nostdlib+ -noconfig -nologo -r:"/Applications/Unity/Unity.app/Contents/MonoBleedingEdge/lib/mono/4.5-api/mscorlib.dll" -r:"/Applications/Unity/Unity.app/Contents/MonoBleedingEdge/lib/mono/4.5-api/System.dll" -r:"/Applications/Unity/Unity.app/Contents/MonoBleedingEdge/lib/mono/4.5-api/System.Core.dll" -r:"/Applications/Unity/Unity.app/Contents/MonoBleedingEdge/lib/mono/4.5-api/Facades/System.Runtime.dll" -r:"/Applications/Unity/Unity.app/Contents/MonoBleedingEdge/lib/mono/4.5-api/Microsoft.CSharp.dll" -r:"/Applications/Unity/Unity.app/Contents/MonoBleedingEdge/lib/mono/4.5-api/System.Xml.dll" @Temp/UnityTempFile-083d9bc5d54354a81aa14f7a5ed3bc00 -debug:portable
Exit code: 0
Elapsed time: 3.77 sec

- Compiler output (0 lines):

- Compiler errors (3 lines):
0: Assets/Scripts/BFRESLoader.cs(18,47): warning CS0649: Field 'BFRESLoader.sbfresAnimation' is never assigned to, and will always have its default value null
1: Assets/Scripts/Libraries/BinaryData/src/Syroot.BinaryData.Test/Program.cs(29,20): warning CS0649: Field 'TestObjectBase.w' is never assigned to, and will always have its default value 0
2: Assets/Scripts/BFRESLoader.cs(18,34): warning CS0649: Field 'BFRESLoader.sbfresModel' is never assigned to, and will always have its default value null

PDB to MDB conversion skipped since pdb2mdb doesn't support portable PDBs yet.
Debugging and line numbers in stack traces won't be available.
File "Temp/Assembly-CSharp.pdb" deleted
********************************************************************************
*                      Sunday, August 13, 2017 9:36:47 PM                      *
********************************************************************************
CSharpCompilerWrapper.exe version: 2.1.0.47
Platform: Mac
Target assembly: Assembly-CSharp.dll
Project directory: /Users/makiah/Desktop/BOTW/BFRES-Animation-Extractor/Animation Extractor
Target profile directory: /Applications/Unity/Unity.app/Contents/MonoBleedingEdge/lib/mono/4.5-api
Unity Mono directory: /Applications/Unity/Unity.app/Contents/MonoBleedingEdge
Compiler: Microsoft C# 7.0

- Compilation -----------------------------------------------

Process: /Library/Frameworks/Mono.framework/Commands/mono
Arguments: "/Users/makiah/Desktop/BOTW/BFRES-Animation-Extractor/Animation Extractor/CSharp70Support/Roslyn/csc.exe" -nostdlib+ -noconfig -nologo -r:"/Applications/Unity/Unity.app/Contents/MonoBleedingEdge/lib/mono/4.5-api/mscorlib.dll" -r:"/Applications/Unity/Unity.app/Contents/MonoBleedingEdge/lib/mono/4.5-api/System.dll" -r:"/Applications/Unity/Unity.app/Contents/MonoBleedingEdge/lib/mono/4.5-api/System.Core.dll" -r:"/Applications/Unity/Unity.app/Contents/MonoBleedingEdge/lib/mono/4.5-api/Facades/System.Runtime.dll" -r:"/Applications/Unity/Unity.app/Contents/MonoBleedingEdge/lib/mono/4.5-api/Microsoft.CSharp.dll" -r:"/Applications/Unity/Unity.app/Contents/MonoBleedingEdge/lib/mono/4.5-api/System.Xml.dll" @Temp/UnityTempFile-ab193d2bbf9754c278cf475080e2ee3d -debug:portable
Exit code: 0
Elapsed time: 4.27 sec

- Compiler output (0 lines):

- Compiler errors (3 lines):
0: Assets/Scripts/BFRESLoader.cs(18,34): warning CS0649: Field 'BFRESLoader.sbfresModel' is never assigned to, and will always have its default value null
1: Assets/Scripts/BFRESLoader.cs(18,47): warning CS0649: Field 'BFRESLoader.sbfresAnimation' is never assigned to, and will always have its default value null
2: Assets/Scripts/Libraries/BinaryData/src/Syroot.BinaryData.Test/Program.cs(29,20): warning CS0649: Field 'TestObjectBase.w' is never assigned to, and will always have its default value 0

PDB to MDB conversion skipped since pdb2mdb doesn't support portable PDBs yet.
Debugging and line numbers in stack traces won't be available.
File "Temp/Assembly-CSharp.pdb" deleted
